2026-02-08 14:05:05,230 - discord.client - WARNING - PyNaCl is not installed, voice will NOT be supported
2026-02-08 14:05:05,248 - __main__ - INFO - 🚀 Bot başlatılıyor...
2026-02-08 14:05:05,250 - discord.client - INFO - logging in using static token
2026-02-08 14:05:06,562 - discord.gateway - INFO - Shard ID None has connected to Gateway (Session ID: a6ae2a8e854a26c0b1a7c4b7c6084c65).
2026-02-08 14:05:08,574 - __main__ - INFO - ✅ Bot giriş yaptı: hologram#6114
2026-02-08 14:05:08,581 - __main__ - INFO - 📊 Sunucu sayısı: 1
2026-02-08 14:06:01,549 - __main__ - INFO - ✅ Config kaydedildi
2026-02-08 14:06:01,557 - __main__ - INFO - ✅ [deneme] Bağlandı: 192.168.1.3
2026-02-08 14:07:08,844 - __main__ - INFO - 📤 [deneme] Komut gönderildi: rpm 100.0
2026-02-08 14:07:19,092 - __main__ - INFO - 📤 [deneme] Komut gönderildi: rpm 450.0
2026-02-08 14:45:02,600 - discord.client - WARNING - PyNaCl is not installed, voice will NOT be supported
2026-02-08 14:45:02,619 - __main__ - INFO - 🚀 Bot başlatılıyor...
2026-02-08 14:45:02,620 - discord.client - INFO - logging in using static token
2026-02-08 14:45:03,957 - discord.gateway - INFO - Shard ID None has connected to Gateway (Session ID: 1b973e477fcb58b1d91af08236e3eba4).
2026-02-08 14:45:05,964 - __main__ - INFO - ✅ Bot giriş yaptı: hologram#6114
2026-02-08 14:45:05,964 - __main__ - INFO - 📊 Sunucu sayısı: 1
2026-02-08 14:45:05,965 - __main__ - INFO - ✅ Config yüklendi: 1 cihaz, 0 kısayol
2026-02-08 14:45:05,972 - __main__ - INFO - ✅ [deneme] Bağlandı: 192.168.1.3
2026-02-08 15:06:21,883 - discord.client - WARNING - PyNaCl is not installed, voice will NOT be supported
2026-02-08 15:06:21,903 - __main__ - INFO - 🚀 Bot başlatılıyor...
2026-02-08 15:06:21,904 - discord.client - INFO - logging in using static token
2026-02-08 15:06:24,796 - discord.gateway - INFO - Shard ID None has connected to Gateway (Session ID: 10d26b23354f452cd54e66d45d08c87a).
2026-02-08 15:06:26,831 - __main__ - INFO - ✅ Bot giriş yaptı: hologram#6114
2026-02-08 15:06:26,831 - __main__ - INFO - 📊 Sunucu sayısı: 1
2026-02-08 15:06:26,832 - __main__ - INFO - ✅ Config yüklendi: 1 cihaz, 0 kısayol
2026-02-08 15:06:26,839 - __main__ - INFO - ✅ [deneme] Bağlandı: 192.168.1.3
